<?xml version="1.0" encoding="UTF-8"?>
<!-- Generated by org.testng.reporters.JUnitXMLReporter -->
<testsuite ignored="0" hostname="PrasanthHardy" failures="0" tests="11" name="Default test" time="0.182" errors="0" timestamp="2023-07-07T16:39:28 IST">
  <testcase classname="com.testng.concepts.Invocation" name="logout" time="0.017"/>
  <testcase classname="com.testng.concepts.Invocation" name="searchheadset" time="0.003"/>
  <testcase classname="com.testng.concepts.Invocation" name="searchheadset" time="0.003"/>
  <testcase classname="com.testng.concepts.Invocation" name="searchheadset" time="0.002"/>
  <testcase classname="com.testng.concepts.Invocation" name="searchheadset" time="0.009"/>
  <testcase classname="com.testng.concepts.Invocation" name="searchlaptop" time="0.006"/>
  <testcase classname="com.testng.concepts.Invocation" name="searchlaptop" time="0.005"/>
  <testcase classname="com.testng.concepts.Invocation" name="searchlaptop" time="0.008"/>
  <testcase classname="com.testng.concepts.Invocation" name="searchlaptop" time="0.003"/>
  <testcase classname="com.testng.concepts.Invocation" name="searchlaptop" time="0.008"/>
  <testcase classname="com.testng.concepts.Invocation" name="verifyhomepage" time="0.004"/>
</testsuite> <!-- Default test -->
