<?xml version="1.0" encoding="UTF-8"?>
<!-- Generated by org.testng.reporters.JUnitXMLReporter -->
<testsuite ignored="8" hostname="PrasanthHardy" failures="0" tests="2" name="Test" time="0.208" errors="0" timestamp="2023-07-07T16:22:53 IST">
  <testcase classname="com.testng.concepts.Groups_Test" name="login" time="0.03"/>
  <testcase classname="com.testng.concepts.Groups_Test" name="setup" time="0.025"/>
  <testcase classname="com.testng.concepts.Groups_Test" name="searchlaptop" time="0.0">
    <ignored/>
  </testcase> <!-- searchlaptop -->
  <testcase classname="com.testng.concepts.Groups_Test" name="verifyhomepage" time="0.0">
    <ignored/>
  </testcase> <!-- verifyhomepage -->
  <testcase classname="com.testng.concepts.Groups_Test" name="browserclose" time="0.0">
    <ignored/>
  </testcase> <!-- browserclose -->
  <testcase classname="com.testng.concepts.Groups_Test" name="searchheadset" time="0.0">
    <ignored/>
  </testcase> <!-- searchheadset -->
  <testcase classname="com.testng.concepts.Groups_Test" name="logout" time="0.0">
    <ignored/>
  </testcase> <!-- logout -->
  <testcase classname="com.testng.concepts.Groups_Test" name="enterurl" time="0.0">
    <ignored/>
  </testcase> <!-- enterurl -->
  <testcase classname="com.testng.concepts.Groups_Test" name="browserquit" time="0.0">
    <ignored/>
  </testcase> <!-- browserquit -->
  <testcase classname="com.testng.concepts.Groups_Test" name="searchmobile" time="0.0">
    <ignored/>
  </testcase> <!-- searchmobile -->
</testsuite> <!-- Test -->
